2020-05-11 09:23:09,920 INFO 23160 [egg-schedule]: register schedule /Users/xqs/Documents/git/javascript/node相关/egg-example/node_modules/egg-multipart/app/schedule/clean_tmpdir.js
2020-05-11 09:23:09,920 INFO 23160 [egg-schedule]: register schedule /Users/xqs/Documents/git/javascript/node相关/egg-example/node_modules/egg-logrotator/app/schedule/clean_log.js
2020-05-11 09:23:09,920 INFO 23160 [egg-schedule]: register schedule /Users/xqs/Documents/git/javascript/node相关/egg-example/node_modules/egg-logrotator/app/schedule/rotate_by_file.js
2020-05-11 09:24:07,496 INFO 23192 [egg-schedule]: register schedule /Users/xqs/Documents/git/javascript/node相关/egg-example/node_modules/egg-multipart/app/schedule/clean_tmpdir.js
2020-05-11 09:24:07,496 INFO 23192 [egg-schedule]: register schedule /Users/xqs/Documents/git/javascript/node相关/egg-example/node_modules/egg-logrotator/app/schedule/clean_log.js
2020-05-11 09:24:07,496 INFO 23192 [egg-schedule]: register schedule /Users/xqs/Documents/git/javascript/node相关/egg-example/node_modules/egg-logrotator/app/schedule/rotate_by_file.js
2020-05-11 09:25:58,348 INFO 23214 [egg-schedule]: register schedule /Users/xqs/Documents/git/javascript/node相关/egg-example/node_modules/egg-multipart/app/schedule/clean_tmpdir.js
2020-05-11 09:25:58,348 INFO 23214 [egg-schedule]: register schedule /Users/xqs/Documents/git/javascript/node相关/egg-example/node_modules/egg-logrotator/app/schedule/clean_log.js
2020-05-11 09:25:58,348 INFO 23214 [egg-schedule]: register schedule /Users/xqs/Documents/git/javascript/node相关/egg-example/node_modules/egg-logrotator/app/schedule/rotate_by_file.js
2020-05-11 09:39:14,402 INFO 23432 [egg-schedule]: register schedule /Users/xqs/Documents/git/javascript/node相关/egg-example/node_modules/egg-multipart/app/schedule/clean_tmpdir.js
2020-05-11 09:39:14,402 INFO 23432 [egg-schedule]: register schedule /Users/xqs/Documents/git/javascript/node相关/egg-example/node_modules/egg-logrotator/app/schedule/clean_log.js
2020-05-11 09:39:14,402 INFO 23432 [egg-schedule]: register schedule /Users/xqs/Documents/git/javascript/node相关/egg-example/node_modules/egg-logrotator/app/schedule/rotate_by_file.js
2020-05-11 09:41:09,231 INFO 23465 [egg-schedule]: register schedule /Users/xqs/Documents/git/javascript/node相关/egg-example/node_modules/egg-multipart/app/schedule/clean_tmpdir.js
2020-05-11 09:41:09,231 INFO 23465 [egg-schedule]: register schedule /Users/xqs/Documents/git/javascript/node相关/egg-example/node_modules/egg-logrotator/app/schedule/clean_log.js
2020-05-11 09:41:09,231 INFO 23465 [egg-schedule]: register schedule /Users/xqs/Documents/git/javascript/node相关/egg-example/node_modules/egg-logrotator/app/schedule/rotate_by_file.js
2020-05-11 09:42:07,554 INFO 23478 [egg-schedule]: register schedule /Users/xqs/Documents/git/javascript/node相关/egg-example/node_modules/egg-multipart/app/schedule/clean_tmpdir.js
2020-05-11 09:42:07,554 INFO 23478 [egg-schedule]: register schedule /Users/xqs/Documents/git/javascript/node相关/egg-example/node_modules/egg-logrotator/app/schedule/clean_log.js
2020-05-11 09:42:07,554 INFO 23478 [egg-schedule]: register schedule /Users/xqs/Documents/git/javascript/node相关/egg-example/node_modules/egg-logrotator/app/schedule/rotate_by_file.js
2020-05-11 09:43:23,757 INFO 23493 [egg-schedule]: register schedule /Users/xqs/Documents/git/javascript/node相关/egg-example/node_modules/egg-multipart/app/schedule/clean_tmpdir.js
2020-05-11 09:43:23,757 INFO 23493 [egg-schedule]: register schedule /Users/xqs/Documents/git/javascript/node相关/egg-example/node_modules/egg-logrotator/app/schedule/clean_log.js
2020-05-11 09:43:23,757 INFO 23493 [egg-schedule]: register schedule /Users/xqs/Documents/git/javascript/node相关/egg-example/node_modules/egg-logrotator/app/schedule/rotate_by_file.js
2020-05-11 09:43:38,260 INFO 23507 [egg-schedule]: register schedule /Users/xqs/Documents/git/javascript/node相关/egg-example/node_modules/egg-multipart/app/schedule/clean_tmpdir.js
2020-05-11 09:43:38,260 INFO 23507 [egg-schedule]: register schedule /Users/xqs/Documents/git/javascript/node相关/egg-example/node_modules/egg-logrotator/app/schedule/clean_log.js
2020-05-11 09:43:38,260 INFO 23507 [egg-schedule]: register schedule /Users/xqs/Documents/git/javascript/node相关/egg-example/node_modules/egg-logrotator/app/schedule/rotate_by_file.js
2020-05-11 09:43:50,711 INFO 23516 [egg-schedule]: register schedule /Users/xqs/Documents/git/javascript/node相关/egg-example/node_modules/egg-multipart/app/schedule/clean_tmpdir.js
2020-05-11 09:43:50,711 INFO 23516 [egg-schedule]: register schedule /Users/xqs/Documents/git/javascript/node相关/egg-example/node_modules/egg-logrotator/app/schedule/clean_log.js
2020-05-11 09:43:50,711 INFO 23516 [egg-schedule]: register schedule /Users/xqs/Documents/git/javascript/node相关/egg-example/node_modules/egg-logrotator/app/schedule/rotate_by_file.js
2020-05-11 09:44:22,489 INFO 23530 [egg-schedule]: register schedule /Users/xqs/Documents/git/javascript/node相关/egg-example/node_modules/egg-multipart/app/schedule/clean_tmpdir.js
2020-05-11 09:44:22,489 INFO 23530 [egg-schedule]: register schedule /Users/xqs/Documents/git/javascript/node相关/egg-example/node_modules/egg-logrotator/app/schedule/clean_log.js
2020-05-11 09:44:22,489 INFO 23530 [egg-schedule]: register schedule /Users/xqs/Documents/git/javascript/node相关/egg-example/node_modules/egg-logrotator/app/schedule/rotate_by_file.js
2020-05-11 09:45:58,672 INFO 23550 [egg-schedule]: register schedule /Users/xqs/Documents/git/javascript/node相关/egg-example/node_modules/egg-multipart/app/schedule/clean_tmpdir.js
2020-05-11 09:45:58,672 INFO 23550 [egg-schedule]: register schedule /Users/xqs/Documents/git/javascript/node相关/egg-example/node_modules/egg-logrotator/app/schedule/clean_log.js
2020-05-11 09:45:58,672 INFO 23550 [egg-schedule]: register schedule /Users/xqs/Documents/git/javascript/node相关/egg-example/node_modules/egg-logrotator/app/schedule/rotate_by_file.js
2020-05-11 09:46:24,374 INFO 23560 [egg-schedule]: register schedule /Users/xqs/Documents/git/javascript/node相关/egg-example/node_modules/egg-multipart/app/schedule/clean_tmpdir.js
2020-05-11 09:46:24,374 INFO 23560 [egg-schedule]: register schedule /Users/xqs/Documents/git/javascript/node相关/egg-example/node_modules/egg-logrotator/app/schedule/clean_log.js
2020-05-11 09:46:24,374 INFO 23560 [egg-schedule]: register schedule /Users/xqs/Documents/git/javascript/node相关/egg-example/node_modules/egg-logrotator/app/schedule/rotate_by_file.js
2020-05-11 09:49:46,071 INFO 23580 [egg-schedule]: register schedule /Users/xqs/Documents/git/javascript/node相关/egg-example/node_modules/egg-multipart/app/schedule/clean_tmpdir.js
2020-05-11 09:49:46,071 INFO 23580 [egg-schedule]: register schedule /Users/xqs/Documents/git/javascript/node相关/egg-example/node_modules/egg-logrotator/app/schedule/clean_log.js
2020-05-11 09:49:46,071 INFO 23580 [egg-schedule]: register schedule /Users/xqs/Documents/git/javascript/node相关/egg-example/node_modules/egg-logrotator/app/schedule/rotate_by_file.js
2020-05-11 09:50:39,962 INFO 23597 [egg-schedule]: register schedule /Users/xqs/Documents/git/javascript/node相关/egg-example/node_modules/egg-multipart/app/schedule/clean_tmpdir.js
2020-05-11 09:50:39,962 INFO 23597 [egg-schedule]: register schedule /Users/xqs/Documents/git/javascript/node相关/egg-example/node_modules/egg-logrotator/app/schedule/clean_log.js
2020-05-11 09:50:39,962 INFO 23597 [egg-schedule]: register schedule /Users/xqs/Documents/git/javascript/node相关/egg-example/node_modules/egg-logrotator/app/schedule/rotate_by_file.js
2020-05-11 09:52:55,918 INFO 23622 [egg-schedule]: register schedule /Users/xqs/Documents/git/javascript/node相关/egg-example/node_modules/egg-multipart/app/schedule/clean_tmpdir.js
2020-05-11 09:52:55,918 INFO 23622 [egg-schedule]: register schedule /Users/xqs/Documents/git/javascript/node相关/egg-example/node_modules/egg-logrotator/app/schedule/clean_log.js
2020-05-11 09:52:55,918 INFO 23622 [egg-schedule]: register schedule /Users/xqs/Documents/git/javascript/node相关/egg-example/node_modules/egg-logrotator/app/schedule/rotate_by_file.js
2020-05-11 09:53:35,307 INFO 23639 [egg-schedule]: register schedule /Users/xqs/Documents/git/javascript/node相关/egg-example/node_modules/egg-multipart/app/schedule/clean_tmpdir.js
2020-05-11 09:53:35,307 INFO 23639 [egg-schedule]: register schedule /Users/xqs/Documents/git/javascript/node相关/egg-example/node_modules/egg-logrotator/app/schedule/clean_log.js
2020-05-11 09:53:35,307 INFO 23639 [egg-schedule]: register schedule /Users/xqs/Documents/git/javascript/node相关/egg-example/node_modules/egg-logrotator/app/schedule/rotate_by_file.js
2020-05-11 09:54:52,996 INFO 23659 [egg-schedule]: register schedule /Users/xqs/Documents/git/javascript/node相关/egg-example/node_modules/egg-multipart/app/schedule/clean_tmpdir.js
2020-05-11 09:54:52,996 INFO 23659 [egg-schedule]: register schedule /Users/xqs/Documents/git/javascript/node相关/egg-example/node_modules/egg-logrotator/app/schedule/clean_log.js
2020-05-11 09:54:52,996 INFO 23659 [egg-schedule]: register schedule /Users/xqs/Documents/git/javascript/node相关/egg-example/node_modules/egg-logrotator/app/schedule/rotate_by_file.js
2020-05-11 09:55:16,595 INFO 23676 [egg-schedule]: register schedule /Users/xqs/Documents/git/javascript/node相关/egg-example/node_modules/egg-multipart/app/schedule/clean_tmpdir.js
2020-05-11 09:55:16,595 INFO 23676 [egg-schedule]: register schedule /Users/xqs/Documents/git/javascript/node相关/egg-example/node_modules/egg-logrotator/app/schedule/clean_log.js
2020-05-11 09:55:16,595 INFO 23676 [egg-schedule]: register schedule /Users/xqs/Documents/git/javascript/node相关/egg-example/node_modules/egg-logrotator/app/schedule/rotate_by_file.js
2020-05-11 09:56:49,106 INFO 23713 [egg-schedule]: register schedule /Users/xqs/Documents/git/javascript/node相关/egg-example/node_modules/egg-multipart/app/schedule/clean_tmpdir.js
2020-05-11 09:56:49,106 INFO 23713 [egg-schedule]: register schedule /Users/xqs/Documents/git/javascript/node相关/egg-example/node_modules/egg-logrotator/app/schedule/clean_log.js
2020-05-11 09:56:49,106 INFO 23713 [egg-schedule]: register schedule /Users/xqs/Documents/git/javascript/node相关/egg-example/node_modules/egg-logrotator/app/schedule/rotate_by_file.js
2020-05-11 10:06:10,090 INFO 23835 [egg-schedule]: register schedule /Users/xqs/Documents/git/javascript/node相关/egg-example/node_modules/egg-multipart/app/schedule/clean_tmpdir.js
2020-05-11 10:06:10,090 INFO 23835 [egg-schedule]: register schedule /Users/xqs/Documents/git/javascript/node相关/egg-example/node_modules/egg-logrotator/app/schedule/clean_log.js
2020-05-11 10:06:10,090 INFO 23835 [egg-schedule]: register schedule /Users/xqs/Documents/git/javascript/node相关/egg-example/node_modules/egg-logrotator/app/schedule/rotate_by_file.js
2020-05-11 10:06:32,257 INFO 23862 [egg-schedule]: register schedule /Users/xqs/Documents/git/javascript/node相关/egg-example/node_modules/egg-multipart/app/schedule/clean_tmpdir.js
2020-05-11 10:06:32,257 INFO 23862 [egg-schedule]: register schedule /Users/xqs/Documents/git/javascript/node相关/egg-example/node_modules/egg-logrotator/app/schedule/clean_log.js
2020-05-11 10:06:32,257 INFO 23862 [egg-schedule]: register schedule /Users/xqs/Documents/git/javascript/node相关/egg-example/node_modules/egg-logrotator/app/schedule/rotate_by_file.js
2020-05-11 10:20:28,299 INFO 24016 [egg-schedule]: register schedule /Users/xqs/Documents/git/javascript/node相关/egg-example/node_modules/egg-multipart/app/schedule/clean_tmpdir.js
2020-05-11 10:20:28,299 INFO 24016 [egg-schedule]: register schedule /Users/xqs/Documents/git/javascript/node相关/egg-example/node_modules/egg-logrotator/app/schedule/clean_log.js
2020-05-11 10:20:28,299 INFO 24016 [egg-schedule]: register schedule /Users/xqs/Documents/git/javascript/node相关/egg-example/node_modules/egg-logrotator/app/schedule/rotate_by_file.js
2020-05-11 10:47:28,244 INFO 24850 [egg-schedule]: register schedule /Users/xqs/Documents/git/javascript/node相关/egg-example/node_modules/egg-multipart/app/schedule/clean_tmpdir.js
2020-05-11 10:47:28,245 INFO 24850 [egg-schedule]: register schedule /Users/xqs/Documents/git/javascript/node相关/egg-example/node_modules/egg-logrotator/app/schedule/clean_log.js
2020-05-11 10:47:28,245 INFO 24850 [egg-schedule]: register schedule /Users/xqs/Documents/git/javascript/node相关/egg-example/node_modules/egg-logrotator/app/schedule/rotate_by_file.js
2020-05-11 10:48:00,317 INFO 24872 [egg-schedule]: register schedule /Users/xqs/Documents/git/javascript/node相关/egg-example/node_modules/egg-multipart/app/schedule/clean_tmpdir.js
2020-05-11 10:48:00,318 INFO 24872 [egg-schedule]: register schedule /Users/xqs/Documents/git/javascript/node相关/egg-example/node_modules/egg-logrotator/app/schedule/clean_log.js
2020-05-11 10:48:00,318 INFO 24872 [egg-schedule]: register schedule /Users/xqs/Documents/git/javascript/node相关/egg-example/node_modules/egg-logrotator/app/schedule/rotate_by_file.js
2020-05-11 10:49:24,417 INFO 24937 [egg-schedule]: register schedule /Users/xqs/Documents/git/javascript/node相关/egg-example/node_modules/egg-multipart/app/schedule/clean_tmpdir.js
2020-05-11 10:49:24,417 INFO 24937 [egg-schedule]: register schedule /Users/xqs/Documents/git/javascript/node相关/egg-example/node_modules/egg-logrotator/app/schedule/clean_log.js
2020-05-11 10:49:24,417 INFO 24937 [egg-schedule]: register schedule /Users/xqs/Documents/git/javascript/node相关/egg-example/node_modules/egg-logrotator/app/schedule/rotate_by_file.js
2020-05-11 10:49:47,047 INFO 24960 [egg-schedule]: register schedule /Users/xqs/Documents/git/javascript/node相关/egg-example/node_modules/egg-multipart/app/schedule/clean_tmpdir.js
2020-05-11 10:49:47,047 INFO 24960 [egg-schedule]: register schedule /Users/xqs/Documents/git/javascript/node相关/egg-example/node_modules/egg-logrotator/app/schedule/clean_log.js
2020-05-11 10:49:47,047 INFO 24960 [egg-schedule]: register schedule /Users/xqs/Documents/git/javascript/node相关/egg-example/node_modules/egg-logrotator/app/schedule/rotate_by_file.js
2020-05-11 10:49:55,562 INFO 24972 [egg-schedule]: register schedule /Users/xqs/Documents/git/javascript/node相关/egg-example/node_modules/egg-multipart/app/schedule/clean_tmpdir.js
2020-05-11 10:49:55,562 INFO 24972 [egg-schedule]: register schedule /Users/xqs/Documents/git/javascript/node相关/egg-example/node_modules/egg-logrotator/app/schedule/clean_log.js
2020-05-11 10:49:55,562 INFO 24972 [egg-schedule]: register schedule /Users/xqs/Documents/git/javascript/node相关/egg-example/node_modules/egg-logrotator/app/schedule/rotate_by_file.js
2020-05-11 10:50:22,619 INFO 24983 [egg-schedule]: register schedule /Users/xqs/Documents/git/javascript/node相关/egg-example/node_modules/egg-multipart/app/schedule/clean_tmpdir.js
2020-05-11 10:50:22,619 INFO 24983 [egg-schedule]: register schedule /Users/xqs/Documents/git/javascript/node相关/egg-example/node_modules/egg-logrotator/app/schedule/clean_log.js
2020-05-11 10:50:22,619 INFO 24983 [egg-schedule]: register schedule /Users/xqs/Documents/git/javascript/node相关/egg-example/node_modules/egg-logrotator/app/schedule/rotate_by_file.js
2020-05-11 10:51:02,740 INFO 24995 [egg-schedule]: register schedule /Users/xqs/Documents/git/javascript/node相关/egg-example/node_modules/egg-multipart/app/schedule/clean_tmpdir.js
2020-05-11 10:51:02,740 INFO 24995 [egg-schedule]: register schedule /Users/xqs/Documents/git/javascript/node相关/egg-example/node_modules/egg-logrotator/app/schedule/clean_log.js
2020-05-11 10:51:02,740 INFO 24995 [egg-schedule]: register schedule /Users/xqs/Documents/git/javascript/node相关/egg-example/node_modules/egg-logrotator/app/schedule/rotate_by_file.js
2020-05-11 10:51:36,799 INFO 25013 [egg-schedule]: register schedule /Users/xqs/Documents/git/javascript/node相关/egg-example/node_modules/egg-multipart/app/schedule/clean_tmpdir.js
2020-05-11 10:51:36,799 INFO 25013 [egg-schedule]: register schedule /Users/xqs/Documents/git/javascript/node相关/egg-example/node_modules/egg-logrotator/app/schedule/clean_log.js
2020-05-11 10:51:36,799 INFO 25013 [egg-schedule]: register schedule /Users/xqs/Documents/git/javascript/node相关/egg-example/node_modules/egg-logrotator/app/schedule/rotate_by_file.js
2020-05-11 10:54:08,979 INFO 25069 [egg-schedule]: register schedule /Users/xqs/Documents/git/javascript/node相关/egg-example/node_modules/egg-multipart/app/schedule/clean_tmpdir.js
2020-05-11 10:54:08,979 INFO 25069 [egg-schedule]: register schedule /Users/xqs/Documents/git/javascript/node相关/egg-example/node_modules/egg-logrotator/app/schedule/clean_log.js
2020-05-11 10:54:08,979 INFO 25069 [egg-schedule]: register schedule /Users/xqs/Documents/git/javascript/node相关/egg-example/node_modules/egg-logrotator/app/schedule/rotate_by_file.js
2020-05-11 10:55:07,414 INFO 25170 [egg-schedule]: register schedule /Users/xqs/Documents/git/javascript/node相关/egg-example/node_modules/egg-multipart/app/schedule/clean_tmpdir.js
2020-05-11 10:55:07,414 INFO 25170 [egg-schedule]: register schedule /Users/xqs/Documents/git/javascript/node相关/egg-example/node_modules/egg-logrotator/app/schedule/clean_log.js
2020-05-11 10:55:07,414 INFO 25170 [egg-schedule]: register schedule /Users/xqs/Documents/git/javascript/node相关/egg-example/node_modules/egg-logrotator/app/schedule/rotate_by_file.js
2020-05-11 10:55:37,428 INFO 25195 [egg-schedule]: register schedule /Users/xqs/Documents/git/javascript/node相关/egg-example/node_modules/egg-multipart/app/schedule/clean_tmpdir.js
2020-05-11 10:55:37,428 INFO 25195 [egg-schedule]: register schedule /Users/xqs/Documents/git/javascript/node相关/egg-example/node_modules/egg-logrotator/app/schedule/clean_log.js
2020-05-11 10:55:37,428 INFO 25195 [egg-schedule]: register schedule /Users/xqs/Documents/git/javascript/node相关/egg-example/node_modules/egg-logrotator/app/schedule/rotate_by_file.js
2020-05-11 11:01:26,617 INFO 25221 [egg-schedule]: register schedule /Users/xqs/Documents/git/javascript/node相关/egg-example/node_modules/egg-multipart/app/schedule/clean_tmpdir.js
2020-05-11 11:01:26,617 INFO 25221 [egg-schedule]: register schedule /Users/xqs/Documents/git/javascript/node相关/egg-example/node_modules/egg-logrotator/app/schedule/clean_log.js
2020-05-11 11:01:26,617 INFO 25221 [egg-schedule]: register schedule /Users/xqs/Documents/git/javascript/node相关/egg-example/node_modules/egg-logrotator/app/schedule/rotate_by_file.js
2020-05-11 11:03:53,809 INFO 25261 [egg-schedule]: register schedule /Users/xqs/Documents/git/javascript/node相关/egg-example/node_modules/egg-multipart/app/schedule/clean_tmpdir.js
2020-05-11 11:03:53,809 INFO 25261 [egg-schedule]: register schedule /Users/xqs/Documents/git/javascript/node相关/egg-example/node_modules/egg-logrotator/app/schedule/clean_log.js
2020-05-11 11:03:53,809 INFO 25261 [egg-schedule]: register schedule /Users/xqs/Documents/git/javascript/node相关/egg-example/node_modules/egg-logrotator/app/schedule/rotate_by_file.js
2020-05-11 11:08:02,357 INFO 25286 [egg-schedule]: register schedule /Users/xqs/Documents/git/javascript/node相关/egg-example/node_modules/egg-multipart/app/schedule/clean_tmpdir.js
2020-05-11 11:08:02,357 INFO 25286 [egg-schedule]: register schedule /Users/xqs/Documents/git/javascript/node相关/egg-example/node_modules/egg-logrotator/app/schedule/clean_log.js
2020-05-11 11:08:02,357 INFO 25286 [egg-schedule]: register schedule /Users/xqs/Documents/git/javascript/node相关/egg-example/node_modules/egg-logrotator/app/schedule/rotate_by_file.js
2020-05-11 11:08:20,606 INFO 25297 [egg-schedule]: register schedule /Users/xqs/Documents/git/javascript/node相关/egg-example/node_modules/egg-multipart/app/schedule/clean_tmpdir.js
2020-05-11 11:08:20,606 INFO 25297 [egg-schedule]: register schedule /Users/xqs/Documents/git/javascript/node相关/egg-example/node_modules/egg-logrotator/app/schedule/clean_log.js
2020-05-11 11:08:20,606 INFO 25297 [egg-schedule]: register schedule /Users/xqs/Documents/git/javascript/node相关/egg-example/node_modules/egg-logrotator/app/schedule/rotate_by_file.js
2020-05-11 11:10:46,046 INFO 25311 [egg-schedule]: register schedule /Users/xqs/Documents/git/javascript/node相关/egg-example/node_modules/egg-multipart/app/schedule/clean_tmpdir.js
2020-05-11 11:10:46,046 INFO 25311 [egg-schedule]: register schedule /Users/xqs/Documents/git/javascript/node相关/egg-example/node_modules/egg-logrotator/app/schedule/clean_log.js
2020-05-11 11:10:46,046 INFO 25311 [egg-schedule]: register schedule /Users/xqs/Documents/git/javascript/node相关/egg-example/node_modules/egg-logrotator/app/schedule/rotate_by_file.js
2020-05-11 11:11:29,414 INFO 25320 [egg-schedule]: register schedule /Users/xqs/Documents/git/javascript/node相关/egg-example/node_modules/egg-multipart/app/schedule/clean_tmpdir.js
2020-05-11 11:11:29,414 INFO 25320 [egg-schedule]: register schedule /Users/xqs/Documents/git/javascript/node相关/egg-example/node_modules/egg-logrotator/app/schedule/clean_log.js
2020-05-11 11:11:29,414 INFO 25320 [egg-schedule]: register schedule /Users/xqs/Documents/git/javascript/node相关/egg-example/node_modules/egg-logrotator/app/schedule/rotate_by_file.js
2020-05-11 11:33:36,077 INFO 25862 [egg-schedule]: register schedule /Users/xqs/Documents/git/javascript/node相关/egg-example/node_modules/egg-multipart/app/schedule/clean_tmpdir.js
2020-05-11 11:33:36,077 INFO 25862 [egg-schedule]: register schedule /Users/xqs/Documents/git/javascript/node相关/egg-example/node_modules/egg-logrotator/app/schedule/clean_log.js
2020-05-11 11:33:36,077 INFO 25862 [egg-schedule]: register schedule /Users/xqs/Documents/git/javascript/node相关/egg-example/node_modules/egg-logrotator/app/schedule/rotate_by_file.js
2020-05-11 13:43:57,340 INFO 26017 [egg-schedule]: register schedule /Users/xqs/Documents/git/javascript/node相关/egg-example/node_modules/egg-multipart/app/schedule/clean_tmpdir.js
2020-05-11 13:43:57,340 INFO 26017 [egg-schedule]: register schedule /Users/xqs/Documents/git/javascript/node相关/egg-example/node_modules/egg-logrotator/app/schedule/clean_log.js
2020-05-11 13:43:57,340 INFO 26017 [egg-schedule]: register schedule /Users/xqs/Documents/git/javascript/node相关/egg-example/node_modules/egg-logrotator/app/schedule/rotate_by_file.js
2020-05-11 13:52:55,828 INFO 26064 [egg-schedule]: register schedule /Users/xqs/Documents/git/javascript/node相关/egg-example/node_modules/egg-multipart/app/schedule/clean_tmpdir.js
2020-05-11 13:52:55,828 INFO 26064 [egg-schedule]: register schedule /Users/xqs/Documents/git/javascript/node相关/egg-example/node_modules/egg-logrotator/app/schedule/clean_log.js
2020-05-11 13:52:55,828 INFO 26064 [egg-schedule]: register schedule /Users/xqs/Documents/git/javascript/node相关/egg-example/node_modules/egg-logrotator/app/schedule/rotate_by_file.js
2020-05-11 13:55:04,520 INFO 26081 [egg-schedule]: register schedule /Users/xqs/Documents/git/javascript/node相关/egg-example/node_modules/egg-multipart/app/schedule/clean_tmpdir.js
2020-05-11 13:55:04,520 INFO 26081 [egg-schedule]: register schedule /Users/xqs/Documents/git/javascript/node相关/egg-example/node_modules/egg-logrotator/app/schedule/clean_log.js
2020-05-11 13:55:04,520 INFO 26081 [egg-schedule]: register schedule /Users/xqs/Documents/git/javascript/node相关/egg-example/node_modules/egg-logrotator/app/schedule/rotate_by_file.js
2020-05-11 13:57:26,649 INFO 26095 [egg-schedule]: register schedule /Users/xqs/Documents/git/javascript/node相关/egg-example/node_modules/egg-multipart/app/schedule/clean_tmpdir.js
2020-05-11 13:57:26,649 INFO 26095 [egg-schedule]: register schedule /Users/xqs/Documents/git/javascript/node相关/egg-example/node_modules/egg-logrotator/app/schedule/clean_log.js
2020-05-11 13:57:26,649 INFO 26095 [egg-schedule]: register schedule /Users/xqs/Documents/git/javascript/node相关/egg-example/node_modules/egg-logrotator/app/schedule/rotate_by_file.js
2020-05-11 14:00:34,143 INFO 26114 [egg-schedule]: register schedule /Users/xqs/Documents/git/javascript/node相关/egg-example/node_modules/egg-multipart/app/schedule/clean_tmpdir.js
2020-05-11 14:00:34,143 INFO 26114 [egg-schedule]: register schedule /Users/xqs/Documents/git/javascript/node相关/egg-example/node_modules/egg-logrotator/app/schedule/clean_log.js
2020-05-11 14:00:34,143 INFO 26114 [egg-schedule]: register schedule /Users/xqs/Documents/git/javascript/node相关/egg-example/node_modules/egg-logrotator/app/schedule/rotate_by_file.js
2020-05-11 14:05:37,177 INFO 26133 [egg-schedule]: register schedule /Users/xqs/Documents/git/javascript/node相关/egg-example/node_modules/egg-multipart/app/schedule/clean_tmpdir.js
2020-05-11 14:05:37,177 INFO 26133 [egg-schedule]: register schedule /Users/xqs/Documents/git/javascript/node相关/egg-example/node_modules/egg-logrotator/app/schedule/clean_log.js
2020-05-11 14:05:37,177 INFO 26133 [egg-schedule]: register schedule /Users/xqs/Documents/git/javascript/node相关/egg-example/node_modules/egg-logrotator/app/schedule/rotate_by_file.js
2020-05-11 14:07:06,039 INFO 26163 [egg-schedule]: register schedule /Users/xqs/Documents/git/javascript/node相关/egg-example/node_modules/egg-multipart/app/schedule/clean_tmpdir.js
2020-05-11 14:07:06,039 INFO 26163 [egg-schedule]: register schedule /Users/xqs/Documents/git/javascript/node相关/egg-example/node_modules/egg-logrotator/app/schedule/clean_log.js
2020-05-11 14:07:06,039 INFO 26163 [egg-schedule]: register schedule /Users/xqs/Documents/git/javascript/node相关/egg-example/node_modules/egg-logrotator/app/schedule/rotate_by_file.js
2020-05-11 14:07:10,919 INFO 26174 [egg-schedule]: register schedule /Users/xqs/Documents/git/javascript/node相关/egg-example/node_modules/egg-multipart/app/schedule/clean_tmpdir.js
2020-05-11 14:07:10,919 INFO 26174 [egg-schedule]: register schedule /Users/xqs/Documents/git/javascript/node相关/egg-example/node_modules/egg-logrotator/app/schedule/clean_log.js
2020-05-11 14:07:10,919 INFO 26174 [egg-schedule]: register schedule /Users/xqs/Documents/git/javascript/node相关/egg-example/node_modules/egg-logrotator/app/schedule/rotate_by_file.js
2020-05-11 14:07:22,729 INFO 26191 [egg-schedule]: register schedule /Users/xqs/Documents/git/javascript/node相关/egg-example/node_modules/egg-multipart/app/schedule/clean_tmpdir.js
2020-05-11 14:07:22,729 INFO 26191 [egg-schedule]: register schedule /Users/xqs/Documents/git/javascript/node相关/egg-example/node_modules/egg-logrotator/app/schedule/clean_log.js
2020-05-11 14:07:22,729 INFO 26191 [egg-schedule]: register schedule /Users/xqs/Documents/git/javascript/node相关/egg-example/node_modules/egg-logrotator/app/schedule/rotate_by_file.js
2020-05-11 14:10:53,649 INFO 20580 [Timer] /Users/xqs/Documents/git/javascript/node相关/egg-example/node_modules/egg-multipart/app/schedule/clean_tmpdir.js next time will execute after 51546361ms at 2020-05-12 04:30:00.010
2020-05-11 14:10:53,641 INFO 26191 [Job#1589177453637751924338135991] /Users/xqs/Documents/git/javascript/node相关/egg-example/node_modules/egg-multipart/app/schedule/clean_tmpdir.js executing by app
2020-05-11 14:10:53,649 INFO 26191 [Job#1589177453637751924338135991] /Users/xqs/Documents/git/javascript/node相关/egg-example/node_modules/egg-multipart/app/schedule/clean_tmpdir.js execute succeed, used 7ms
2020-05-11 14:15:38,709 INFO 26302 [egg-schedule]: register schedule /Users/xqs/Documents/git/javascript/node相关/egg-example/node_modules/egg-multipart/app/schedule/clean_tmpdir.js
2020-05-11 14:15:38,709 INFO 26302 [egg-schedule]: register schedule /Users/xqs/Documents/git/javascript/node相关/egg-example/node_modules/egg-logrotator/app/schedule/clean_log.js
2020-05-11 14:15:38,709 INFO 26302 [egg-schedule]: register schedule /Users/xqs/Documents/git/javascript/node相关/egg-example/node_modules/egg-logrotator/app/schedule/rotate_by_file.js
2020-05-11 14:22:12,327 INFO 26362 [egg-schedule]: register schedule /Users/xqs/Documents/git/javascript/node相关/egg-example/node_modules/egg-multipart/app/schedule/clean_tmpdir.js
2020-05-11 14:22:12,327 INFO 26362 [egg-schedule]: register schedule /Users/xqs/Documents/git/javascript/node相关/egg-example/node_modules/egg-logrotator/app/schedule/clean_log.js
2020-05-11 14:22:12,327 INFO 26362 [egg-schedule]: register schedule /Users/xqs/Documents/git/javascript/node相关/egg-example/node_modules/egg-logrotator/app/schedule/rotate_by_file.js
2020-05-11 14:24:52,049 INFO 26443 [egg-schedule]: register schedule /Users/xqs/Documents/git/javascript/node相关/egg-example/node_modules/egg-multipart/app/schedule/clean_tmpdir.js
2020-05-11 14:24:52,049 INFO 26443 [egg-schedule]: register schedule /Users/xqs/Documents/git/javascript/node相关/egg-example/node_modules/egg-logrotator/app/schedule/clean_log.js
2020-05-11 14:24:52,049 INFO 26443 [egg-schedule]: register schedule /Users/xqs/Documents/git/javascript/node相关/egg-example/node_modules/egg-logrotator/app/schedule/rotate_by_file.js
2020-05-11 14:29:51,513 INFO 26551 [egg-schedule]: register schedule /Users/xqs/Documents/git/javascript/node相关/egg-example/node_modules/egg-multipart/app/schedule/clean_tmpdir.js
2020-05-11 14:29:51,513 INFO 26551 [egg-schedule]: register schedule /Users/xqs/Documents/git/javascript/node相关/egg-example/node_modules/egg-logrotator/app/schedule/clean_log.js
2020-05-11 14:29:51,513 INFO 26551 [egg-schedule]: register schedule /Users/xqs/Documents/git/javascript/node相关/egg-example/node_modules/egg-logrotator/app/schedule/rotate_by_file.js
2020-05-11 14:35:25,792 INFO 26658 [Timer] /Users/xqs/Documents/git/javascript/node相关/egg-example/node_modules/egg-multipart/app/schedule/clean_tmpdir.js next time will execute after 50074210ms at 2020-05-12 04:30:00.002
2020-05-11 14:35:25,792 INFO 26658 [Timer] /Users/xqs/Documents/git/javascript/node相关/egg-example/node_modules/egg-logrotator/app/schedule/clean_log.js next time will execute after 33874208ms at 2020-05-12 00:00:00.000
2020-05-11 14:35:25,793 INFO 26658 [Timer] /Users/xqs/Documents/git/javascript/node相关/egg-example/node_modules/egg-logrotator/app/schedule/rotate_by_file.js next time will execute after 33875208ms at 2020-05-12 00:00:01.001
2020-05-11 14:35:25,681 INFO 26659 [egg-schedule]: register schedule /Users/xqs/Documents/git/javascript/node相关/egg-example/node_modules/egg-multipart/app/schedule/clean_tmpdir.js
2020-05-11 14:35:25,681 INFO 26659 [egg-schedule]: register schedule /Users/xqs/Documents/git/javascript/node相关/egg-example/node_modules/egg-logrotator/app/schedule/clean_log.js
2020-05-11 14:35:25,681 INFO 26659 [egg-schedule]: register schedule /Users/xqs/Documents/git/javascript/node相关/egg-example/node_modules/egg-logrotator/app/schedule/rotate_by_file.js
2020-05-11 14:37:00,360 INFO 26671 [egg-schedule]: register schedule /Users/xqs/Documents/git/javascript/node相关/egg-example/node_modules/egg-multipart/app/schedule/clean_tmpdir.js
2020-05-11 14:37:00,360 INFO 26671 [egg-schedule]: register schedule /Users/xqs/Documents/git/javascript/node相关/egg-example/node_modules/egg-logrotator/app/schedule/clean_log.js
2020-05-11 14:37:00,360 INFO 26671 [egg-schedule]: register schedule /Users/xqs/Documents/git/javascript/node相关/egg-example/node_modules/egg-logrotator/app/schedule/rotate_by_file.js
2020-05-11 14:39:24,228 INFO 26693 [egg-schedule]: register schedule /Users/xqs/Documents/git/javascript/node相关/egg-example/node_modules/egg-multipart/app/schedule/clean_tmpdir.js
2020-05-11 14:39:24,228 INFO 26693 [egg-schedule]: register schedule /Users/xqs/Documents/git/javascript/node相关/egg-example/node_modules/egg-logrotator/app/schedule/clean_log.js
2020-05-11 14:39:24,228 INFO 26693 [egg-schedule]: register schedule /Users/xqs/Documents/git/javascript/node相关/egg-example/node_modules/egg-logrotator/app/schedule/rotate_by_file.js
2020-05-11 14:40:23,334 INFO 26707 [egg-schedule]: register schedule /Users/xqs/Documents/git/javascript/node相关/egg-example/node_modules/egg-multipart/app/schedule/clean_tmpdir.js
2020-05-11 14:40:23,334 INFO 26707 [egg-schedule]: register schedule /Users/xqs/Documents/git/javascript/node相关/egg-example/node_modules/egg-logrotator/app/schedule/clean_log.js
2020-05-11 14:40:23,334 INFO 26707 [egg-schedule]: register schedule /Users/xqs/Documents/git/javascript/node相关/egg-example/node_modules/egg-logrotator/app/schedule/rotate_by_file.js
2020-05-11 14:48:47,997 INFO 26750 [egg-schedule]: register schedule /Users/xqs/Documents/git/javascript/node相关/egg-example/node_modules/egg-multipart/app/schedule/clean_tmpdir.js
2020-05-11 14:48:47,997 INFO 26750 [egg-schedule]: register schedule /Users/xqs/Documents/git/javascript/node相关/egg-example/node_modules/egg-logrotator/app/schedule/clean_log.js
2020-05-11 14:48:47,997 INFO 26750 [egg-schedule]: register schedule /Users/xqs/Documents/git/javascript/node相关/egg-example/node_modules/egg-logrotator/app/schedule/rotate_by_file.js
2020-05-11 15:03:09,629 INFO 27140 [egg-schedule]: register schedule /Users/xqs/Documents/git/javascript/node相关/egg-example/node_modules/egg-multipart/app/schedule/clean_tmpdir.js
2020-05-11 15:03:09,629 INFO 27140 [egg-schedule]: register schedule /Users/xqs/Documents/git/javascript/node相关/egg-example/node_modules/egg-logrotator/app/schedule/clean_log.js
2020-05-11 15:03:09,629 INFO 27140 [egg-schedule]: register schedule /Users/xqs/Documents/git/javascript/node相关/egg-example/node_modules/egg-logrotator/app/schedule/rotate_by_file.js
2020-05-11 15:08:48,616 INFO 27192 [egg-schedule]: register schedule /Users/xqs/Documents/git/javascript/node相关/egg-example/node_modules/egg-multipart/app/schedule/clean_tmpdir.js
2020-05-11 15:08:48,616 INFO 27192 [egg-schedule]: register schedule /Users/xqs/Documents/git/javascript/node相关/egg-example/node_modules/egg-logrotator/app/schedule/clean_log.js
2020-05-11 15:08:48,616 INFO 27192 [egg-schedule]: register schedule /Users/xqs/Documents/git/javascript/node相关/egg-example/node_modules/egg-logrotator/app/schedule/rotate_by_file.js
2020-05-11 15:09:06,697 INFO 27207 [egg-schedule]: register schedule /Users/xqs/Documents/git/javascript/node相关/egg-example/node_modules/egg-multipart/app/schedule/clean_tmpdir.js
2020-05-11 15:09:06,697 INFO 27207 [egg-schedule]: register schedule /Users/xqs/Documents/git/javascript/node相关/egg-example/node_modules/egg-logrotator/app/schedule/clean_log.js
2020-05-11 15:09:06,697 INFO 27207 [egg-schedule]: register schedule /Users/xqs/Documents/git/javascript/node相关/egg-example/node_modules/egg-logrotator/app/schedule/rotate_by_file.js
2020-05-11 15:09:21,765 INFO 27259 [Timer] /Users/xqs/Documents/git/javascript/node相关/egg-example/node_modules/egg-multipart/app/schedule/clean_tmpdir.js next time will execute after 48038237ms at 2020-05-12 04:30:00.002
2020-05-11 15:09:21,765 INFO 27259 [Timer] /Users/xqs/Documents/git/javascript/node相关/egg-example/node_modules/egg-logrotator/app/schedule/clean_log.js next time will execute after 31838235ms at 2020-05-12 00:00:00.000
2020-05-11 15:09:21,765 INFO 27259 [Timer] /Users/xqs/Documents/git/javascript/node相关/egg-example/node_modules/egg-logrotator/app/schedule/rotate_by_file.js next time will execute after 31839235ms at 2020-05-12 00:00:01.000
2020-05-11 15:09:21,695 INFO 27260 [egg-schedule]: register schedule /Users/xqs/Documents/git/javascript/node相关/egg-example/node_modules/egg-multipart/app/schedule/clean_tmpdir.js
2020-05-11 15:09:21,695 INFO 27260 [egg-schedule]: register schedule /Users/xqs/Documents/git/javascript/node相关/egg-example/node_modules/egg-logrotator/app/schedule/clean_log.js
2020-05-11 15:09:21,695 INFO 27260 [egg-schedule]: register schedule /Users/xqs/Documents/git/javascript/node相关/egg-example/node_modules/egg-logrotator/app/schedule/rotate_by_file.js
2020-05-11 15:10:27,926 INFO 27271 [egg-schedule]: register schedule /Users/xqs/Documents/git/javascript/node相关/egg-example/node_modules/egg-multipart/app/schedule/clean_tmpdir.js
2020-05-11 15:10:27,926 INFO 27271 [egg-schedule]: register schedule /Users/xqs/Documents/git/javascript/node相关/egg-example/node_modules/egg-logrotator/app/schedule/clean_log.js
2020-05-11 15:10:27,926 INFO 27271 [egg-schedule]: register schedule /Users/xqs/Documents/git/javascript/node相关/egg-example/node_modules/egg-logrotator/app/schedule/rotate_by_file.js
2020-05-11 15:14:01,609 INFO 27301 [egg-schedule]: register schedule /Users/xqs/Documents/git/javascript/node相关/egg-example/node_modules/egg-multipart/app/schedule/clean_tmpdir.js
2020-05-11 15:14:01,610 INFO 27301 [egg-schedule]: register schedule /Users/xqs/Documents/git/javascript/node相关/egg-example/node_modules/egg-logrotator/app/schedule/clean_log.js
2020-05-11 15:14:01,610 INFO 27301 [egg-schedule]: register schedule /Users/xqs/Documents/git/javascript/node相关/egg-example/node_modules/egg-logrotator/app/schedule/rotate_by_file.js
2020-05-11 15:14:46,582 INFO 27321 [egg-schedule]: register schedule /Users/xqs/Documents/git/javascript/node相关/egg-example/node_modules/egg-multipart/app/schedule/clean_tmpdir.js
2020-05-11 15:14:46,582 INFO 27321 [egg-schedule]: register schedule /Users/xqs/Documents/git/javascript/node相关/egg-example/node_modules/egg-logrotator/app/schedule/clean_log.js
2020-05-11 15:14:46,582 INFO 27321 [egg-schedule]: register schedule /Users/xqs/Documents/git/javascript/node相关/egg-example/node_modules/egg-logrotator/app/schedule/rotate_by_file.js
2020-05-11 15:15:03,284 INFO 27330 [egg-schedule]: register schedule /Users/xqs/Documents/git/javascript/node相关/egg-example/node_modules/egg-multipart/app/schedule/clean_tmpdir.js
2020-05-11 15:15:03,284 INFO 27330 [egg-schedule]: register schedule /Users/xqs/Documents/git/javascript/node相关/egg-example/node_modules/egg-logrotator/app/schedule/clean_log.js
2020-05-11 15:15:03,284 INFO 27330 [egg-schedule]: register schedule /Users/xqs/Documents/git/javascript/node相关/egg-example/node_modules/egg-logrotator/app/schedule/rotate_by_file.js
2020-05-11 15:25:59,034 INFO 27381 [egg-schedule]: register schedule /Users/xqs/Documents/git/javascript/node相关/egg-example/node_modules/egg-multipart/app/schedule/clean_tmpdir.js
2020-05-11 15:25:59,034 INFO 27381 [egg-schedule]: register schedule /Users/xqs/Documents/git/javascript/node相关/egg-example/node_modules/egg-logrotator/app/schedule/clean_log.js
2020-05-11 15:25:59,034 INFO 27381 [egg-schedule]: register schedule /Users/xqs/Documents/git/javascript/node相关/egg-example/node_modules/egg-logrotator/app/schedule/rotate_by_file.js
2020-05-11 15:26:13,172 INFO 27405 [egg-schedule]: register schedule /Users/xqs/Documents/git/javascript/node相关/egg-example/node_modules/egg-multipart/app/schedule/clean_tmpdir.js
2020-05-11 15:26:13,172 INFO 27405 [egg-schedule]: register schedule /Users/xqs/Documents/git/javascript/node相关/egg-example/node_modules/egg-logrotator/app/schedule/clean_log.js
2020-05-11 15:26:13,172 INFO 27405 [egg-schedule]: register schedule /Users/xqs/Documents/git/javascript/node相关/egg-example/node_modules/egg-logrotator/app/schedule/rotate_by_file.js
2020-05-11 15:27:58,952 INFO 27760 [egg-schedule]: register schedule /Users/xqs/Documents/git/javascript/node相关/egg-example/node_modules/egg-multipart/app/schedule/clean_tmpdir.js
2020-05-11 15:27:58,952 INFO 27760 [egg-schedule]: register schedule /Users/xqs/Documents/git/javascript/node相关/egg-example/node_modules/egg-logrotator/app/schedule/clean_log.js
2020-05-11 15:27:58,952 INFO 27760 [egg-schedule]: register schedule /Users/xqs/Documents/git/javascript/node相关/egg-example/node_modules/egg-logrotator/app/schedule/rotate_by_file.js
2020-05-11 15:28:54,869 INFO 27789 [egg-schedule]: register schedule /Users/xqs/Documents/git/javascript/node相关/egg-example/node_modules/egg-multipart/app/schedule/clean_tmpdir.js
2020-05-11 15:28:54,869 INFO 27789 [egg-schedule]: register schedule /Users/xqs/Documents/git/javascript/node相关/egg-example/node_modules/egg-logrotator/app/schedule/clean_log.js
2020-05-11 15:28:54,869 INFO 27789 [egg-schedule]: register schedule /Users/xqs/Documents/git/javascript/node相关/egg-example/node_modules/egg-logrotator/app/schedule/rotate_by_file.js
2020-05-11 15:29:04,632 INFO 27806 [egg-schedule]: register schedule /Users/xqs/Documents/git/javascript/node相关/egg-example/node_modules/egg-multipart/app/schedule/clean_tmpdir.js
2020-05-11 15:29:04,632 INFO 27806 [egg-schedule]: register schedule /Users/xqs/Documents/git/javascript/node相关/egg-example/node_modules/egg-logrotator/app/schedule/clean_log.js
2020-05-11 15:29:04,632 INFO 27806 [egg-schedule]: register schedule /Users/xqs/Documents/git/javascript/node相关/egg-example/node_modules/egg-logrotator/app/schedule/rotate_by_file.js
2020-05-11 15:35:53,054 INFO 27867 [egg-schedule]: register schedule /Users/xqs/Documents/git/javascript/node相关/egg-example/node_modules/egg-multipart/app/schedule/clean_tmpdir.js
2020-05-11 15:35:53,054 INFO 27867 [egg-schedule]: register schedule /Users/xqs/Documents/git/javascript/node相关/egg-example/node_modules/egg-logrotator/app/schedule/clean_log.js
2020-05-11 15:35:53,054 INFO 27867 [egg-schedule]: register schedule /Users/xqs/Documents/git/javascript/node相关/egg-example/node_modules/egg-logrotator/app/schedule/rotate_by_file.js
2020-05-11 15:35:55,190 INFO 27878 [egg-schedule]: register schedule /Users/xqs/Documents/git/javascript/node相关/egg-example/node_modules/egg-multipart/app/schedule/clean_tmpdir.js
2020-05-11 15:35:55,190 INFO 27878 [egg-schedule]: register schedule /Users/xqs/Documents/git/javascript/node相关/egg-example/node_modules/egg-logrotator/app/schedule/clean_log.js
2020-05-11 15:35:55,190 INFO 27878 [egg-schedule]: register schedule /Users/xqs/Documents/git/javascript/node相关/egg-example/node_modules/egg-logrotator/app/schedule/rotate_by_file.js
2020-05-11 15:38:59,056 INFO 27888 [egg-schedule]: register schedule /Users/xqs/Documents/git/javascript/node相关/egg-example/node_modules/egg-multipart/app/schedule/clean_tmpdir.js
2020-05-11 15:38:59,056 INFO 27888 [egg-schedule]: register schedule /Users/xqs/Documents/git/javascript/node相关/egg-example/node_modules/egg-logrotator/app/schedule/clean_log.js
2020-05-11 15:38:59,056 INFO 27888 [egg-schedule]: register schedule /Users/xqs/Documents/git/javascript/node相关/egg-example/node_modules/egg-logrotator/app/schedule/rotate_by_file.js
2020-05-11 15:44:21,717 INFO 27903 [egg-schedule]: register schedule /Users/xqs/Documents/git/javascript/node相关/egg-example/node_modules/egg-multipart/app/schedule/clean_tmpdir.js
2020-05-11 15:44:21,717 INFO 27903 [egg-schedule]: register schedule /Users/xqs/Documents/git/javascript/node相关/egg-example/node_modules/egg-logrotator/app/schedule/clean_log.js
2020-05-11 15:44:21,717 INFO 27903 [egg-schedule]: register schedule /Users/xqs/Documents/git/javascript/node相关/egg-example/node_modules/egg-logrotator/app/schedule/rotate_by_file.js
2020-05-11 15:45:20,131 INFO 27924 [egg-schedule]: register schedule /Users/xqs/Documents/git/javascript/node相关/egg-example/node_modules/egg-multipart/app/schedule/clean_tmpdir.js
2020-05-11 15:45:20,131 INFO 27924 [egg-schedule]: register schedule /Users/xqs/Documents/git/javascript/node相关/egg-example/node_modules/egg-logrotator/app/schedule/clean_log.js
2020-05-11 15:45:20,131 INFO 27924 [egg-schedule]: register schedule /Users/xqs/Documents/git/javascript/node相关/egg-example/node_modules/egg-logrotator/app/schedule/rotate_by_file.js
2020-05-11 15:52:29,909 INFO 27960 [egg-schedule]: register schedule /Users/xqs/Documents/git/javascript/node相关/egg-example/node_modules/egg-multipart/app/schedule/clean_tmpdir.js
2020-05-11 15:52:29,909 INFO 27960 [egg-schedule]: register schedule /Users/xqs/Documents/git/javascript/node相关/egg-example/node_modules/egg-logrotator/app/schedule/clean_log.js
2020-05-11 15:52:29,909 INFO 27960 [egg-schedule]: register schedule /Users/xqs/Documents/git/javascript/node相关/egg-example/node_modules/egg-logrotator/app/schedule/rotate_by_file.js
2020-05-11 15:53:06,583 INFO 27980 [egg-schedule]: register schedule /Users/xqs/Documents/git/javascript/node相关/egg-example/node_modules/egg-multipart/app/schedule/clean_tmpdir.js
2020-05-11 15:53:06,583 INFO 27980 [egg-schedule]: register schedule /Users/xqs/Documents/git/javascript/node相关/egg-example/node_modules/egg-logrotator/app/schedule/clean_log.js
2020-05-11 15:53:06,583 INFO 27980 [egg-schedule]: register schedule /Users/xqs/Documents/git/javascript/node相关/egg-example/node_modules/egg-logrotator/app/schedule/rotate_by_file.js
2020-05-11 15:53:09,823 INFO 27989 [egg-schedule]: register schedule /Users/xqs/Documents/git/javascript/node相关/egg-example/node_modules/egg-multipart/app/schedule/clean_tmpdir.js
2020-05-11 15:53:09,823 INFO 27989 [egg-schedule]: register schedule /Users/xqs/Documents/git/javascript/node相关/egg-example/node_modules/egg-logrotator/app/schedule/clean_log.js
2020-05-11 15:53:09,823 INFO 27989 [egg-schedule]: register schedule /Users/xqs/Documents/git/javascript/node相关/egg-example/node_modules/egg-logrotator/app/schedule/rotate_by_file.js
